<?xml version="1.0" encoding="UTF-8"?>
<!-- Generated by org.testng.reporters.JUnitReportReporter -->
<testsuite hostname="x301" failures="0" tests="1" name="tests.General" time="0.022" errors="0" timestamp="04 Nov 2018 09:54:57 GMT" skipped="0">
  <testcase classname="tests.General" name="test_a" time="0.022"/>
</testsuite> <!-- tests.General -->
